<?xml version="1.0" encoding="UTF-8"?>
<testng-results skipped="0" failed="0" ignored="0" total="2" passed="2">
  <reporter-output>
    <line>
      <![CDATA[Extent Report DirectoryC:\JavaCodeRepositor\IntelliJ\BootCamp2018\Amazon\target\surefire-reports\html]]>
    </line>
  </reporter-output>
  <suite name="Amazon Automation Test" duration-ms="46057" started-at="2018-02-03T06:31:34Z" finished-at="2018-02-03T06:32:20Z">
    <groups>
    </groups>
    <test name="Amazon Home" duration-ms="46057" started-at="2018-02-03T06:31:34Z" finished-at="2018-02-03T06:32:20Z">
      <class name="Search.TestSerchPage">
        <test-method status="PASS" signature="extentSetup(org.testng.ITestContext)[pri:0, instance:Search.TestSerchPage@2781e022]" name="extentSetup" is-config="true" duration-ms="339" started-at="2018-02-03T01:31:33Z" finished-at="2018-02-03T01:31:34Z">
          <params>
            <param index="0">
              <value>
                <![CDATA[org.testng.TestRunner@435fb7b5]]>
              </value>
            </param>
          </params>
          <reporter-output>
            <line>
              <![CDATA[Extent Report DirectoryC:\JavaCodeRepositor\IntelliJ\BootCamp2018\Amazon\target\surefire-reports\html]]>
            </line>
          </reporter-output>
        </test-method> <!-- extentSetup -->
        <test-method status="PASS" signature="setUp(boolean, java.lang.String, java.lang.String, java.lang.String, java.lang.String, java.lang.String, java.lang.String)[pri:0, instance:Search.TestSerchPage@2781e022]" name="setUp" is-config="true" duration-ms="35522" started-at="2018-02-03T01:31:34Z" finished-at="2018-02-03T01:32:09Z">
          <params>
            <param index="0">
              <value>
                <![CDATA[false]]>
              </value>
            </param>
            <param index="1">
              <value>
                <![CDATA[browserstack]]>
              </value>
            </param>
            <param index="2">
              <value>
                <![CDATA[Windows]]>
              </value>
            </param>
            <param index="3">
              <value>
                <![CDATA[Windows]]>
              </value>
            </param>
            <param index="4">
              <value>
                <![CDATA[Firefox]]>
              </value>
            </param>
            <param index="5">
              <value>
                <![CDATA[58.0.1 ]]>
              </value>
            </param>
            <param index="6">
              <value>
                <![CDATA[http://www.amazon.com]]>
              </value>
            </param>
          </params>
          <reporter-output>
          </reporter-output>
        </test-method> <!-- setUp -->
        <test-method status="PASS" signature="startExtent(java.lang.reflect.Method)[pri:0, instance:Search.TestSerchPage@2781e022]" name="startExtent" is-config="true" duration-ms="12" started-at="2018-02-03T01:32:09Z" finished-at="2018-02-03T01:32:09Z">
          <params>
            <param index="0">
              <value>
                <![CDATA[public void Search.TestSerchPage.serchItemTest()]]>
              </value>
            </param>
          </params>
          <reporter-output>
          </reporter-output>
        </test-method> <!-- startExtent -->
        <test-method status="PASS" signature="serchItemTest()[pri:0, instance:Search.TestSerchPage@2781e022]" name="serchItemTest" duration-ms="7756" started-at="2018-02-03T01:32:09Z" finished-at="2018-02-03T01:32:17Z">
          <reporter-output>
          </reporter-output>
        </test-method> <!-- serchItemTest -->
        <test-method status="PASS" signature="afterEachTestMethod(org.testng.ITestResult)[pri:0, instance:Search.TestSerchPage@2781e022]" name="afterEachTestMethod" is-config="true" duration-ms="2717" started-at="2018-02-03T01:32:17Z" finished-at="2018-02-03T01:32:20Z">
          <params>
            <param index="0">
              <value>
                <![CDATA[[TestResult name=serchItemTest status=SUCCESS method=TestSerchPage.serchItemTest()[pri:0, instance:Search.TestSerchPage@2781e022] output={null}]]]>
              </value>
            </param>
          </params>
          <reporter-output>
          </reporter-output>
        </test-method> <!-- afterEachTestMethod -->
        <test-method status="PASS" signature="cleanUp()[pri:0, instance:Search.TestSerchPage@2781e022]" name="cleanUp" is-config="true" duration-ms="0" started-at="2018-02-03T01:32:20Z" finished-at="2018-02-03T01:32:20Z">
          <reporter-output>
          </reporter-output>
        </test-method> <!-- cleanUp -->
        <test-method status="PASS" signature="generateReport()[pri:0, instance:Search.TestSerchPage@2781e022]" name="generateReport" is-config="true" duration-ms="184" started-at="2018-02-03T01:32:20Z" finished-at="2018-02-03T01:32:20Z">
          <reporter-output>
          </reporter-output>
        </test-method> <!-- generateReport -->
      </class> <!-- Search.TestSerchPage -->
    </test> <!-- Amazon Home -->
  </suite> <!-- Amazon Automation Test -->
  <suite name="Amazon Automation Test (0)" duration-ms="34570" started-at="2018-02-03T06:32:20Z" finished-at="2018-02-03T06:32:54Z">
    <groups>
    </groups>
    <test name="Amazon Home" duration-ms="34570" started-at="2018-02-03T06:32:20Z" finished-at="2018-02-03T06:32:54Z">
      <class name="Home.TestSearchMenu">
        <test-method status="PASS" signature="extentSetup(org.testng.ITestContext)[pri:0, instance:Home.TestSearchMenu@307f6b8c]" name="extentSetup" is-config="true" duration-ms="1" started-at="2018-02-03T01:32:20Z" finished-at="2018-02-03T01:32:20Z">
          <params>
            <param index="0">
              <value>
                <![CDATA[org.testng.TestRunner@4e70a728]]>
              </value>
            </param>
          </params>
          <reporter-output>
          </reporter-output>
        </test-method> <!-- extentSetup -->
        <test-method status="PASS" signature="setUp(boolean, java.lang.String, java.lang.String, java.lang.String, java.lang.String, java.lang.String, java.lang.String)[pri:0, instance:Home.TestSearchMenu@307f6b8c]" name="setUp" is-config="true" duration-ms="32869" started-at="2018-02-03T01:32:20Z" finished-at="2018-02-03T01:32:53Z">
          <params>
            <param index="0">
              <value>
                <![CDATA[false]]>
              </value>
            </param>
            <param index="1">
              <value>
                <![CDATA[browserstack]]>
              </value>
            </param>
            <param index="2">
              <value>
                <![CDATA[Windows]]>
              </value>
            </param>
            <param index="3">
              <value>
                <![CDATA[Windows]]>
              </value>
            </param>
            <param index="4">
              <value>
                <![CDATA[Firefox]]>
              </value>
            </param>
            <param index="5">
              <value>
                <![CDATA[58.0.1 ]]>
              </value>
            </param>
            <param index="6">
              <value>
                <![CDATA[http://www.amazon.com]]>
              </value>
            </param>
          </params>
          <reporter-output>
          </reporter-output>
        </test-method> <!-- setUp -->
        <test-method status="PASS" signature="startExtent(java.lang.reflect.Method)[pri:0, instance:Home.TestSearchMenu@307f6b8c]" name="startExtent" is-config="true" duration-ms="1" started-at="2018-02-03T01:32:53Z" finished-at="2018-02-03T01:32:53Z">
          <params>
            <param index="0">
              <value>
                <![CDATA[public void Home.TestSearchMenu.test1()]]>
              </value>
            </param>
          </params>
          <reporter-output>
          </reporter-output>
        </test-method> <!-- startExtent -->
        <test-method status="PASS" signature="test1()[pri:0, instance:Home.TestSearchMenu@307f6b8c]" name="test1" duration-ms="231" started-at="2018-02-03T01:32:53Z" finished-at="2018-02-03T01:32:53Z">
          <reporter-output>
          </reporter-output>
        </test-method> <!-- test1 -->
        <test-method status="PASS" signature="afterEachTestMethod(org.testng.ITestResult)[pri:0, instance:Home.TestSearchMenu@307f6b8c]" name="afterEachTestMethod" is-config="true" duration-ms="1466" started-at="2018-02-03T01:32:53Z" finished-at="2018-02-03T01:32:54Z">
          <params>
            <param index="0">
              <value>
                <![CDATA[[TestResult name=test1 status=SUCCESS method=TestSearchMenu.test1()[pri:0, instance:Home.TestSearchMenu@307f6b8c] output={null}]]]>
              </value>
            </param>
          </params>
          <reporter-output>
          </reporter-output>
        </test-method> <!-- afterEachTestMethod -->
        <test-method status="PASS" signature="cleanUp()[pri:0, instance:Home.TestSearchMenu@307f6b8c]" name="cleanUp" is-config="true" duration-ms="1" started-at="2018-02-03T01:32:54Z" finished-at="2018-02-03T01:32:54Z">
          <reporter-output>
          </reporter-output>
        </test-method> <!-- cleanUp -->
        <test-method status="PASS" signature="generateReport()[pri:0, instance:Home.TestSearchMenu@307f6b8c]" name="generateReport" is-config="true" duration-ms="2" started-at="2018-02-03T01:32:54Z" finished-at="2018-02-03T01:32:54Z">
          <reporter-output>
          </reporter-output>
        </test-method> <!-- generateReport -->
      </class> <!-- Home.TestSearchMenu -->
    </test> <!-- Amazon Home -->
  </suite> <!-- Amazon Automation Test (0) -->
</testng-results>
