<?xml version="1.0" encoding="UTF-8"?>
<testng-results skipped="0" failed="0" ignored="0" total="1" passed="1">
  <reporter-output>
    <line>
      <![CDATA[Extent Report DirectoryC:\BootCamp2018\Amazon\test-output\html]]>
    </line>
  </reporter-output>
  <suite name="Amazon Automation Test" duration-ms="33370" started-at="2018-02-14T05:24:07Z" finished-at="2018-02-14T05:24:41Z">
    <groups>
    </groups>
    <test name="Amazon Home" duration-ms="33370" started-at="2018-02-14T05:24:07Z" finished-at="2018-02-14T05:24:41Z">
      <class name="TestMySql.TestMySqlCode">
        <test-method status="PASS" signature="extentSetup(org.testng.ITestContext)[pri:0, instance:TestMySql.TestMySqlCode@369f73a2]" name="extentSetup" is-config="true" duration-ms="741" started-at="2018-02-14T00:24:07Z" finished-at="2018-02-14T00:24:07Z">
          <params>
            <param index="0">
              <value>
                <![CDATA[org.testng.TestRunner@3f053c80]]>
              </value>
            </param>
          </params>
          <reporter-output>
            <line>
              <![CDATA[Extent Report DirectoryC:\BootCamp2018\Amazon\test-output\html]]>
            </line>
          </reporter-output>
        </test-method> <!-- extentSetup -->
        <test-method status="PASS" signature="setUp(boolean, java.lang.String, java.lang.String, java.lang.String, java.lang.String, java.lang.String, java.lang.String)[pri:0, instance:TestMySql.TestMySqlCode@369f73a2]" name="setUp" is-config="true" duration-ms="20603" started-at="2018-02-14T00:24:08Z" finished-at="2018-02-14T00:24:28Z">
          <params>
            <param index="0">
              <value>
                <![CDATA[false]]>
              </value>
            </param>
            <param index="1">
              <value>
                <![CDATA[browserstack]]>
              </value>
            </param>
            <param index="2">
              <value>
                <![CDATA[Windows]]>
              </value>
            </param>
            <param index="3">
              <value>
                <![CDATA[Windows]]>
              </value>
            </param>
            <param index="4">
              <value>
                <![CDATA[Firefox]]>
              </value>
            </param>
            <param index="5">
              <value>
                <![CDATA[58.0.1 ]]>
              </value>
            </param>
            <param index="6">
              <value>
                <![CDATA[http://www.amazon.com]]>
              </value>
            </param>
          </params>
          <reporter-output>
          </reporter-output>
        </test-method> <!-- setUp -->
        <test-method status="PASS" signature="startExtent(java.lang.reflect.Method)[pri:0, instance:TestMySql.TestMySqlCode@369f73a2]" name="startExtent" is-config="true" duration-ms="12" started-at="2018-02-14T00:24:28Z" finished-at="2018-02-14T00:24:28Z">
          <params>
            <param index="0">
              <value>
                <![CDATA[public void TestMySql.TestMySqlCode.MysqlTest01() throws java.lang.Exception]]>
              </value>
            </param>
          </params>
          <reporter-output>
          </reporter-output>
        </test-method> <!-- startExtent -->
        <test-method status="PASS" signature="MysqlTest01()[pri:0, instance:TestMySql.TestMySqlCode@369f73a2]" name="MysqlTest01" duration-ms="10757" started-at="2018-02-14T00:24:28Z" finished-at="2018-02-14T00:24:39Z">
          <reporter-output>
          </reporter-output>
        </test-method> <!-- MysqlTest01 -->
        <test-method status="PASS" signature="afterEachTestMethod(org.testng.ITestResult)[pri:0, instance:TestMySql.TestMySqlCode@369f73a2]" name="afterEachTestMethod" is-config="true" duration-ms="1871" started-at="2018-02-14T00:24:39Z" finished-at="2018-02-14T00:24:41Z">
          <params>
            <param index="0">
              <value>
                <![CDATA[[TestResult name=MysqlTest01 status=SUCCESS method=TestMySqlCode.MysqlTest01()[pri:0, instance:TestMySql.TestMySqlCode@369f73a2] output={null}]]]>
              </value>
            </param>
          </params>
          <reporter-output>
          </reporter-output>
        </test-method> <!-- afterEachTestMethod -->
        <test-method status="PASS" signature="cleanUp()[pri:0, instance:TestMySql.TestMySqlCode@369f73a2]" name="cleanUp" is-config="true" duration-ms="42" started-at="2018-02-14T00:24:41Z" finished-at="2018-02-14T00:24:41Z">
          <reporter-output>
          </reporter-output>
        </test-method> <!-- cleanUp -->
        <test-method status="PASS" signature="generateReport()[pri:0, instance:TestMySql.TestMySqlCode@369f73a2]" name="generateReport" is-config="true" duration-ms="363" started-at="2018-02-14T00:24:41Z" finished-at="2018-02-14T00:24:42Z">
          <reporter-output>
          </reporter-output>
        </test-method> <!-- generateReport -->
      </class> <!-- TestMySql.TestMySqlCode -->
    </test> <!-- Amazon Home -->
  </suite> <!-- Amazon Automation Test -->
</testng-results>
